<?xml version="1.0" encoding="UTF-8"?>
<!-- Generated by org.testng.reporters.JUnitReportReporter -->
<testsuite hostname="DESKTOP-NK5J02L" failures="0" tests="1" name="app.Parallelexcuion" time="9.929" errors="0" timestamp="2024-04-11T21:10:59 IST" skipped="0">
  <testcase classname="app.Parallelexcuion" name="fire" time="9.929"/>
</testsuite> <!-- app.Parallelexcuion -->
