<?xml version="1.0" encoding="UTF-8"?>
<!-- Generated by org.testng.reporters.JUnitReportReporter -->
<testsuite hostname="DESKTOP-NK5J02L" failures="0" tests="1" name="pojoclasspractice.JsonSchemvalidation" time="0.014" errors="0" timestamp="2024-05-02T17:45:18 IST" skipped="0">
  <testcase classname="pojoclasspractice.JsonSchemvalidation" name="ram" time="0.014"/>
</testsuite> <!-- pojoclasspractice.JsonSchemvalidation -->
