<?xml version="1.0" encoding="UTF-8"?>
<!-- Generated by org.testng.reporters.JUnitReportReporter -->
<testsuite hostname="DESKTOP-NK5J02L" failures="0" tests="1" name="zzzzzzzzzRestassured.Proeot" time="0.055" errors="0" timestamp="2024-03-10T14:26:37 IST" skipped="0">
  <testcase classname="zzzzzzzzzRestassured.Proeot" name="per" time="0.055"/>
</testsuite> <!-- zzzzzzzzzRestassured.Proeot -->
