<?xml version="1.0" encoding="UTF-8"?>
<!-- Generated by org.testng.reporters.JUnitReportReporter -->
<testsuite hostname="DESKTOP-NK5J02L" failures="0" tests="1" name="pojoclasspractice.XmlschemaFormate" time="11.085" errors="0" timestamp="2024-05-01T20:41:28 IST" skipped="0">
  <testcase classname="pojoclasspractice.XmlschemaFormate" name="moksha" time="11.085"/>
</testsuite> <!-- pojoclasspractice.XmlschemaFormate -->
