<?xml version="1.0" encoding="UTF-8"?>
<!-- Generated by org.testng.reporters.JUnitReportReporter -->
<testsuite hostname="DESKTOP-NK5J02L" failures="0" tests="1" name="cccc.Jsonvalur" time="0.141" errors="0" timestamp="2024-04-11T15:37:51 IST" skipped="0">
  <testcase classname="cccc.Jsonvalur" name="po" time="0.141"/>
</testsuite> <!-- cccc.Jsonvalur -->
