<?xml version="1.0" encoding="UTF-8"?>
<!-- Generated by org.testng.reporters.JUnitReportReporter -->
<testsuite hostname="DESKTOP-NK5J02L" failures="0" tests="1" name="app.AppTest" time="0.057" errors="0" timestamp="2024-04-06T18:59:13 IST" skipped="0">
  <testcase classname="app.AppTest" name="testlogin1" time="0.057"/>
</testsuite> <!-- app.AppTest -->
