<?xml version="1.0" encoding="UTF-8"?>
<!-- Generated by org.testng.reporters.JUnitReportReporter -->
<testsuite hostname="DESKTOP-NK5J02L" failures="0" tests="1" name="ram.Jsonformatechangingthing" time="0.696" errors="0" timestamp="2024-03-27T10:47:45 IST" skipped="0">
  <testcase classname="ram.Jsonformatechangingthing" name="a" time="0.696"/>
</testsuite> <!-- ram.Jsonformatechangingthing -->
