<?xml version="1.0" encoding="UTF-8"?>
<!-- Generated by org.testng.reporters.JUnitReportReporter -->
<testsuite hostname="DESKTOP-NK5J02L" failures="0" tests="1" name="cccc.Rampractice" time="6.412" errors="0" timestamp="2024-04-06T17:33:53 IST" skipped="0">
  <testcase classname="cccc.Rampractice" name="postmethodceation" time="6.412"/>
</testsuite> <!-- cccc.Rampractice -->
