<?xml version="1.0" encoding="UTF-8"?>
<!-- Generated by org.testng.reporters.JUnitReportReporter -->
<testsuite hostname="DESKTOP-NK5J02L" failures="0" tests="1" name="jsonserilizationmehtod.Json" time="0.731" errors="0" timestamp="2024-04-04T12:09:04 IST" skipped="0">
  <testcase classname="jsonserilizationmehtod.Json" name="ram" time="0.731"/>
</testsuite> <!-- jsonserilizationmehtod.Json -->
