<?xml version="1.0" encoding="UTF-8"?>
<!-- Generated by org.testng.reporters.JUnitReportReporter -->
<testsuite hostname="DESKTOP-NK5J02L" failures="0" tests="1" name="app.Loignin" time="11.494" errors="0" timestamp="2024-04-06T18:59:13 IST" skipped="0">
  <testcase classname="app.Loignin" name="lodin" time="11.494"/>
</testsuite> <!-- app.Loignin -->
