<?xml version="1.0" encoding="UTF-8"?>
<!-- Generated by org.testng.reporters.JUnitReportReporter -->
<testsuite hostname="DESKTOP-NK5J02L" failures="0" tests="1" name="pojoclasspractice.Setuppojo" time="0.607" errors="0" timestamp="2024-03-14T13:43:48 IST" skipped="0">
  <testcase classname="pojoclasspractice.Setuppojo" name="ram" time="0.607"/>
</testsuite> <!-- pojoclasspractice.Setuppojo -->
